<!DOCTYPE html PUBLIC "-//W3C//DTD XHTML 1.1//EN" "https://www.w3.org/TR/xhtml11/DTD/xhtml11.dtd">
<html xmlns="https://www.w3.org/1999/xhtml">
<head>
<meta http-equiv="content-type" content="text/html; charset=UTF-8"/>
<title>TestNG Report</title>
<style type="text/css">table {margin-bottom:10px;border-collapse:collapse;empty-cells:show}th,td {border:1px solid #009;padding:.25em .5em}th {vertical-align:bottom}td {vertical-align:top}table a {font-weight:bold}.stripe td {background-color: #E6EBF9}.num {text-align:right}.passedodd td {background-color: #3F3}.passedeven td {background-color: #0A0}.skippedodd td {background-color: #DDD}.skippedeven td {background-color: #CCC}.failedodd td,.attn {background-color: #F33}.failedeven td,.stripe .attn {background-color: #D00}.stacktrace {white-space:pre;font-family:monospace}.totop {font-size:85%;text-align:center;border-bottom:2px solid #000}.invisible {display:none}</style>
</head>
<body>
<table>
<tr><th>Test</th><th># Passed</th><th># Skipped</th><th># Retried</th><th># Failed</th><th>Time (ms)</th><th>Included Groups</th><th>Excluded Groups</th></tr>
<tr><th colspan="8">Orange HRM Application</th></tr>
<tr><td><a href="#t0">Test</a></td><td class="num">0</td><td class="num attn">4</td><td class="num">0</td><td class="num">0</td><td class="num">6,022</td><td></td><td></td></tr>
</table>
<table id='summary'><thead><tr><th>Class</th><th>Method</th><th>Start</th><th>Time (ms)</th></tr></thead><tbody><tr><th colspan="4">Orange HRM Application</th></tr></tbody><tbody id="t0"><tr><th colspan="4">Test &#8212; failed (configuration methods)</th></tr><tr class="failedeven"><td rowspan="1">com.TestLayer.LoginPageTest</td><td><a href="#m0">setUp</a></td><td rowspan="1">1703064468110</td><td rowspan="1">5149</td></tr><tr><th colspan="4">Test &#8212; skipped (configuration methods)</th></tr><tr class="skippedeven"><td rowspan="1">com.TestLayer.LoginPageTest</td><td><a href="#m1">tearDown</a></td><td rowspan="1">1703064473381</td><td rowspan="1">-1703064473381</td></tr><tr><th colspan="4">Test &#8212; skipped</th></tr><tr class="skippedeven"><td rowspan="3">com.TestLayer.HomePageTest</td><td><a href="#m2">validateHomePage</a></td><td rowspan="1">1703064473372</td><td rowspan="1">0</td></tr><tr class="skippedeven"><td><a href="#m3">validateHomePageLog</a></td><td rowspan="1">1703064473344</td><td rowspan="1">0</td></tr><tr class="skippedeven"><td><a href="#m4">validateHomePageTitle</a></td><td rowspan="1">1703064473352</td><td rowspan="1">0</td></tr><tr class="skippedodd"><td rowspan="1">com.TestLayer.LoginPageTest</td><td><a href="#m5">validateLoginFunctionality</a></td><td rowspan="1">1703064473314</td><td rowspan="1">0</td></tr></tbody>
</table>
<h2>Test</h2><h3 id="m0">com.TestLayer.LoginPageTest#setUp</h3><table class="result"><tr class="param"><th>Parameter #1</th></tr><tr class="param stripe"><td>chrome</td></tr><tr><th>Exception</th></tr><tr><td><div class="stacktrace">java.lang.IllegalStateException: The path to the driver executable Unable to locate the chromedriver executable; for more information on how to install drivers, see https://www.selenium.dev/documentation/webdriver/getting_started/install_drivers/
	at org.openqa.selenium.internal.Require$StateChecker.nonNull(Require.java:314)
	at org.openqa.selenium.remote.service.DriverFinder.getPath(DriverFinder.java:33)
	at org.openqa.selenium.chrome.ChromeDriver.generateExecutor(ChromeDriver.java:98)
	at org.openqa.selenium.chrome.ChromeDriver.&lt;init&gt;(ChromeDriver.java:88)
	at org.openqa.selenium.chrome.ChromeDriver.&lt;init&gt;(ChromeDriver.java:84)
	at org.openqa.selenium.chrome.ChromeDriver.&lt;init&gt;(ChromeDriver.java:52)
	at com.BaseLayer.BaseClass.initialization(BaseClass.java:41)
	at com.TestLayer.LoginPageTest.setUp(LoginPageTest.java:18)
... Removed 24 stack frames</div></td></tr></table><p class="totop"><a href="#summary">back to summary</a></p>
<h3 id="m1">com.TestLayer.LoginPageTest#tearDown</h3><table class="result"><tr><th class="invisible"/></tr></table><p class="totop"><a href="#summary">back to summary</a></p>
<h3 id="m2">com.TestLayer.HomePageTest#validateHomePage</h3><table class="result"><tr><th>Exception</th></tr><tr><td><div class="stacktrace">java.lang.Throwable: Method HomePageTest.validateHomePage()[pri:3, instance:com.TestLayer.HomePageTest@7c7b252e] depends on not successfully finished methods in group &quot;LoginPage&quot;
	at java.base/java.util.ArrayList.forEach(ArrayList.java:1511)
... Removed 18 stack frames</div></td></tr></table><p class="totop"><a href="#summary">back to summary</a></p>
<h3 id="m3">com.TestLayer.HomePageTest#validateHomePageLog</h3><table class="result"><tr><th>Exception</th></tr><tr><td><div class="stacktrace">java.lang.Throwable: Method HomePageTest.validateHomePageLog()[pri:1, instance:com.TestLayer.HomePageTest@7c7b252e] depends on not successfully finished methods in group &quot;LoginPage&quot;
	at java.base/java.util.ArrayList.forEach(ArrayList.java:1511)
... Removed 18 stack frames</div></td></tr></table><p class="totop"><a href="#summary">back to summary</a></p>
<h3 id="m4">com.TestLayer.HomePageTest#validateHomePageTitle</h3><table class="result"><tr><th>Exception</th></tr><tr><td><div class="stacktrace">java.lang.Throwable: Method HomePageTest.validateHomePageTitle()[pri:2, instance:com.TestLayer.HomePageTest@7c7b252e] depends on not successfully finished methods in group &quot;LoginPage&quot;
	at java.base/java.util.ArrayList.forEach(ArrayList.java:1511)
... Removed 18 stack frames</div></td></tr></table><p class="totop"><a href="#summary">back to summary</a></p>
<h3 id="m5">com.TestLayer.LoginPageTest#validateLoginFunctionality</h3><table class="result"><tr><th>Exception</th></tr><tr><td><div class="stacktrace">java.lang.IllegalStateException: The path to the driver executable Unable to locate the chromedriver executable; for more information on how to install drivers, see https://www.selenium.dev/documentation/webdriver/getting_started/install_drivers/
	at org.openqa.selenium.internal.Require$StateChecker.nonNull(Require.java:314)
	at org.openqa.selenium.remote.service.DriverFinder.getPath(DriverFinder.java:33)
	at org.openqa.selenium.chrome.ChromeDriver.generateExecutor(ChromeDriver.java:98)
	at org.openqa.selenium.chrome.ChromeDriver.&lt;init&gt;(ChromeDriver.java:88)
	at org.openqa.selenium.chrome.ChromeDriver.&lt;init&gt;(ChromeDriver.java:84)
	at org.openqa.selenium.chrome.ChromeDriver.&lt;init&gt;(ChromeDriver.java:52)
	at com.BaseLayer.BaseClass.initialization(BaseClass.java:41)
	at com.TestLayer.LoginPageTest.setUp(LoginPageTest.java:18)
... Removed 24 stack frames</div></td></tr></table><p class="totop"><a href="#summary">back to summary</a></p>
</body>
</html>
