<?xml version="1.0" encoding="UTF-8"?>
<!-- Generated by org.testng.reporters.JUnitXMLReporter -->
<testsuite ignored="0" hostname="DESKTOP-NNRVDRO" failures="0" tests="4" name="Test" time="6.022" errors="0" timestamp="2023-12-20T14:57:53 IST">
  <testcase classname="com.TestLayer.LoginPageTest" name="@BeforeTest setUp" time="5.149">
    <failure type="java.lang.IllegalStateException" message="The path to the driver executable Unable to locate the chromedriver executable; for more information on how to install drivers, see https://www.selenium.dev/documentation/webdriver/getting_started/install_drivers/">
      <![CDATA[java.lang.IllegalStateException: The path to the driver executable Unable to locate the chromedriver executable; for more information on how to install drivers, see https://www.selenium.dev/documentation/webdriver/getting_started/install_drivers/
at org.openqa.selenium.internal.Require$StateChecker.nonNull(Require.java:314)
at org.openqa.selenium.remote.service.DriverFinder.getPath(DriverFinder.java:33)
at org.openqa.selenium.chrome.ChromeDriver.generateExecutor(ChromeDriver.java:98)
at org.openqa.selenium.chrome.ChromeDriver.<init>(ChromeDriver.java:88)
at org.openqa.selenium.chrome.ChromeDriver.<init>(ChromeDriver.java:84)
at org.openqa.selenium.chrome.ChromeDriver.<init>(ChromeDriver.java:52)
at com.BaseLayer.BaseClass.initialization(BaseClass.java:41)
at com.TestLayer.LoginPageTest.setUp(LoginPageTest.java:18)
... Removed 24 stack frames]]>
    </failure>
  </testcase> <!-- @BeforeTest setUp -->
  <testcase classname="com.TestLayer.LoginPageTest" name="@AfterTest tearDown" time="-1.703064473381E9">
    <skipped/>
  </testcase> <!-- @AfterTest tearDown -->
  <testcase classname="com.TestLayer.LoginPageTest" name="validateLoginFunctionality" time="0.0">
    <skipped/>
  </testcase> <!-- validateLoginFunctionality -->
  <testcase classname="com.TestLayer.HomePageTest" name="validateHomePageLog" time="0.0">
    <skipped/>
  </testcase> <!-- validateHomePageLog -->
  <testcase classname="com.TestLayer.HomePageTest" name="validateHomePageTitle" time="0.0">
    <skipped/>
  </testcase> <!-- validateHomePageTitle -->
  <testcase classname="com.TestLayer.HomePageTest" name="validateHomePage" time="0.0">
    <skipped/>
  </testcase> <!-- validateHomePage -->
</testsuite> <!-- Test -->
